<?xml version="1.0" encoding="UTF-8"?>
<testng-results ignored="0" total="1" passed="1" failed="0" skipped="0">
  <reporter-output>
  </reporter-output>
  <suite started-at="2021-03-06T16:32:25 WIB" name="Default suite" finished-at="2021-03-06T16:33:08 WIB" duration-ms="43381">
    <groups>
    </groups>
    <test started-at="2021-03-06T16:32:25 WIB" name="Default test" finished-at="2021-03-06T16:33:08 WIB" duration-ms="43381">
      <class name="tests.FirstAppium">
        <test-method signature="setup()[pri:0, instance:tests.FirstAppium@7ea37dbf]" started-at="2021-03-06T16:32:25 WIB" name="setup" finished-at="2021-03-06T16:33:08 WIB" duration-ms="43351" status="PASS">
          <reporter-output>
          </reporter-output>
        </test-method> <!-- setup -->
      </class> <!-- tests.FirstAppium -->
    </test> <!-- Default test -->
  </suite> <!-- Default suite -->
</testng-results>
